62.894Gb memory in total.
Using: 56.604Gb.
MEGAHIT v1.1.2
--- [Wed Jul 31 22:53:03 2019] Start assembly. Number of CPU threads 16 ---
--- [Wed Jul 31 22:53:03 2019] Available memory: 67531780096, used: 60778602086
--- [Wed Jul 31 22:53:03 2019] Converting reads to binaries ---
b'    [read_lib_functions-inl.h  : 209]     Lib 0 (/nobackup/eegarza/metagenome-paper/filtered/SRR1976948/SRR1976948.forward.paired.fastq,/nobackup/eegarza/metagenome-paper/filtered/SRR1976948/SRR1976948.reverse.paired.fastq): pe, 33769188 reads, 251 max length'
b'    [utils.h                   : 126]     Real: 184.8295\tuser: 63.8102\tsys: 6.5388\tmaxrss: 161612'
--- [Wed Jul 31 22:56:08 2019] k list: 21,29,39,59,79,99,119,141 ---
--- [Wed Jul 31 22:56:08 2019] Extracting solid (k+1)-mers for k = 21 ---
--- [Wed Jul 31 23:00:40 2019] Building graph for k = 21 ---
--- [Thu Aug  1 00:33:54 2019] Assembling contigs from SdBG for k = 21 ---
--- [Thu Aug  1 01:54:23 2019] Local assembling k = 21 ---
--- [Thu Aug  1 01:57:49 2019] Extracting iterative edges from k = 21 to 29 ---
--- [Thu Aug  1 02:01:09 2019] Building graph for k = 29 ---
--- [Thu Aug  1 02:03:08 2019] Assembling contigs from SdBG for k = 29 ---
--- [Thu Aug  1 03:22:34 2019] Local assembling k = 29 ---
--- [Thu Aug  1 03:26:00 2019] Extracting iterative edges from k = 29 to 39 ---
--- [Thu Aug  1 03:29:08 2019] Building graph for k = 39 ---
--- [Thu Aug  1 03:31:05 2019] Assembling contigs from SdBG for k = 39 ---
--- [Thu Aug  1 04:37:27 2019] Local assembling k = 39 ---
--- [Thu Aug  1 04:41:52 2019] Extracting iterative edges from k = 39 to 59 ---
--- [Thu Aug  1 04:44:54 2019] Building graph for k = 59 ---
--- [Thu Aug  1 04:47:36 2019] Assembling contigs from SdBG for k = 59 ---
--- [Thu Aug  1 05:55:59 2019] Local assembling k = 59 ---
--- [Thu Aug  1 05:59:41 2019] Extracting iterative edges from k = 59 to 79 ---
--- [Thu Aug  1 06:01:58 2019] Building graph for k = 79 ---
--- [Thu Aug  1 06:03:59 2019] Assembling contigs from SdBG for k = 79 ---
--- [Thu Aug  1 07:08:57 2019] Local assembling k = 79 ---
--- [Thu Aug  1 07:12:08 2019] Extracting iterative edges from k = 79 to 99 ---
--- [Thu Aug  1 07:14:11 2019] Building graph for k = 99 ---
--- [Thu Aug  1 07:15:53 2019] Assembling contigs from SdBG for k = 99 ---
--- [Thu Aug  1 08:11:44 2019] Local assembling k = 99 ---
--- [Thu Aug  1 08:14:31 2019] Extracting iterative edges from k = 99 to 119 ---
--- [Thu Aug  1 08:16:00 2019] Building graph for k = 119 ---
--- [Thu Aug  1 08:18:00 2019] Assembling contigs from SdBG for k = 119 ---
--- [Thu Aug  1 09:10:26 2019] Local assembling k = 119 ---
--- [Thu Aug  1 09:12:57 2019] Extracting iterative edges from k = 119 to 141 ---
--- [Thu Aug  1 09:14:14 2019] Building graph for k = 141 ---
--- [Thu Aug  1 09:15:31 2019] Assembling contigs from SdBG for k = 141 ---
--- [Thu Aug  1 10:05:41 2019] Merging to output final contigs ---
--- [STAT] 186938 contigs, total 182931619 bp, min 200 bp, max 326139 bp, avg 979 bp, N50 1558 bp
--- [Thu Aug  1 10:05:47 2019] ALL DONE. Time elapsed: 40364.430021 seconds ---
