62.894Gb memory in total.
Using: 56.604Gb.
MEGAHIT v1.1.2
--- [Wed Jul 31 22:53:02 2019] Start assembly. Number of CPU threads 16 ---
--- [Wed Jul 31 22:53:02 2019] Available memory: 67531714560, used: 60778543104
--- [Wed Jul 31 22:53:02 2019] Converting reads to binaries ---
b'    [read_lib_functions-inl.h  : 209]     Lib 0 (/nobackup/eegarza/metagenome-paper/filtered/SRR1977357/SRR1977357.forward.paired.fastq,/nobackup/eegarza/metagenome-paper/filtered/SRR1977357/SRR1977357.reverse.paired.fastq): pe, 121763862 reads, 151 max length'
b'    [utils.h                   : 126]     Real: 439.0724\tuser: 156.1499\tsys: 14.9984\tmaxrss: 151732'
--- [Wed Jul 31 23:00:21 2019] k list: 21,29,39,59,79,99,119,141 ---
--- [Wed Jul 31 23:00:21 2019] Extracting solid (k+1)-mers for k = 21 ---
--- [Wed Jul 31 23:08:36 2019] Building graph for k = 21 ---
--- [Wed Jul 31 23:33:19 2019] Assembling contigs from SdBG for k = 21 ---
--- [Wed Jul 31 23:35:26 2019] Local assembling k = 21 ---
--- [Wed Jul 31 23:38:16 2019] Extracting iterative edges from k = 21 to 29 ---
--- [Wed Jul 31 23:42:33 2019] Building graph for k = 29 ---
--- [Wed Jul 31 23:42:53 2019] Assembling contigs from SdBG for k = 29 ---
--- [Wed Jul 31 23:43:35 2019] Local assembling k = 29 ---
--- [Wed Jul 31 23:46:27 2019] Extracting iterative edges from k = 29 to 39 ---
--- [Wed Jul 31 23:49:46 2019] Building graph for k = 39 ---
--- [Wed Jul 31 23:50:52 2019] Assembling contigs from SdBG for k = 39 ---
--- [Wed Jul 31 23:51:28 2019] Local assembling k = 39 ---
--- [Wed Jul 31 23:54:26 2019] Extracting iterative edges from k = 39 to 59 ---
--- [Wed Jul 31 23:57:36 2019] Building graph for k = 59 ---
--- [Wed Jul 31 23:58:13 2019] Assembling contigs from SdBG for k = 59 ---
--- [Wed Jul 31 23:58:48 2019] Local assembling k = 59 ---
--- [Thu Aug  1 00:01:48 2019] Extracting iterative edges from k = 59 to 79 ---
--- [Thu Aug  1 00:04:08 2019] Building graph for k = 79 ---
--- [Thu Aug  1 00:04:34 2019] Assembling contigs from SdBG for k = 79 ---
--- [Thu Aug  1 00:05:06 2019] Local assembling k = 79 ---
--- [Thu Aug  1 00:07:50 2019] Extracting iterative edges from k = 79 to 99 ---
--- [Thu Aug  1 00:09:37 2019] Building graph for k = 99 ---
--- [Thu Aug  1 00:20:34 2019] Assembling contigs from SdBG for k = 99 ---
--- [Thu Aug  1 00:21:03 2019] Local assembling k = 99 ---
--- [Thu Aug  1 00:23:48 2019] Extracting iterative edges from k = 99 to 119 ---
--- [Thu Aug  1 00:25:00 2019] Building graph for k = 119 ---
--- [Thu Aug  1 00:25:20 2019] Assembling contigs from SdBG for k = 119 ---
--- [Thu Aug  1 00:25:42 2019] Local assembling k = 119 ---
--- [Thu Aug  1 00:28:20 2019] Extracting iterative edges from k = 119 to 141 ---
--- [Thu Aug  1 00:28:58 2019] Building graph for k = 141 ---
--- [Thu Aug  1 00:29:18 2019] Assembling contigs from SdBG for k = 141 ---
--- [Thu Aug  1 00:29:39 2019] Merging to output final contigs ---
--- [STAT] 34427 contigs, total 42884515 bp, min 200 bp, max 364761 bp, avg 1246 bp, N50 4845 bp
--- [Thu Aug  1 00:29:40 2019] ALL DONE. Time elapsed: 5798.471295 seconds ---
