62.893Gb memory in total.
Using: 56.604Gb.
MEGAHIT v1.1.2
--- [Wed Jul 31 22:53:01 2019] Start assembly. Number of CPU threads 16 ---
--- [Wed Jul 31 22:53:01 2019] Available memory: 67531026432, used: 60777923788
--- [Wed Jul 31 22:53:01 2019] Converting reads to binaries ---
b'    [read_lib_functions-inl.h  : 209]     Lib 0 (/nobackup/eegarza/metagenome-paper/filtered/SRR1977304/SRR1977304.forward.paired.fastq,/nobackup/eegarza/metagenome-paper/filtered/SRR1977304/SRR1977304.reverse.paired.fastq): pe, 93314390 reads, 151 max length'
b'    [utils.h                   : 126]     Real: 322.2033\tuser: 84.3553\tsys: 8.3726\tmaxrss: 152788'
--- [Wed Jul 31 22:58:23 2019] k list: 21,29,39,59,79,99,119,141 ---
--- [Wed Jul 31 22:58:23 2019] Extracting solid (k+1)-mers for k = 21 ---
--- [Wed Jul 31 23:07:05 2019] Building graph for k = 21 ---
--- [Thu Aug  1 00:41:21 2019] Assembling contigs from SdBG for k = 21 ---
--- [Thu Aug  1 01:52:01 2019] Local assembling k = 21 ---
--- [Thu Aug  1 01:54:47 2019] Extracting iterative edges from k = 21 to 29 ---
--- [Thu Aug  1 01:58:47 2019] Building graph for k = 29 ---
--- [Thu Aug  1 02:00:32 2019] Assembling contigs from SdBG for k = 29 ---
--- [Thu Aug  1 02:42:33 2019] Local assembling k = 29 ---
--- [Thu Aug  1 02:44:47 2019] Extracting iterative edges from k = 29 to 39 ---
--- [Thu Aug  1 02:47:24 2019] Building graph for k = 39 ---
--- [Thu Aug  1 02:58:34 2019] Assembling contigs from SdBG for k = 39 ---
--- [Thu Aug  1 03:13:15 2019] Local assembling k = 39 ---
--- [Thu Aug  1 03:15:33 2019] Extracting iterative edges from k = 39 to 59 ---
--- [Thu Aug  1 03:18:00 2019] Building graph for k = 59 ---
--- [Thu Aug  1 03:18:43 2019] Assembling contigs from SdBG for k = 59 ---
--- [Thu Aug  1 03:19:58 2019] Local assembling k = 59 ---
--- [Thu Aug  1 03:22:14 2019] Extracting iterative edges from k = 59 to 79 ---
--- [Thu Aug  1 03:24:11 2019] Building graph for k = 79 ---
--- [Thu Aug  1 03:24:29 2019] Assembling contigs from SdBG for k = 79 ---
--- [Thu Aug  1 03:24:58 2019] Local assembling k = 79 ---
--- [Thu Aug  1 03:27:43 2019] Extracting iterative edges from k = 79 to 99 ---
--- [Thu Aug  1 03:29:07 2019] Building graph for k = 99 ---
--- [Thu Aug  1 03:29:21 2019] Assembling contigs from SdBG for k = 99 ---
--- [Thu Aug  1 03:29:47 2019] Local assembling k = 99 ---
--- [Thu Aug  1 03:32:13 2019] Extracting iterative edges from k = 99 to 119 ---
--- [Thu Aug  1 03:33:12 2019] Building graph for k = 119 ---
--- [Thu Aug  1 03:33:28 2019] Assembling contigs from SdBG for k = 119 ---
--- [Thu Aug  1 03:33:52 2019] Local assembling k = 119 ---
--- [Thu Aug  1 03:36:19 2019] Extracting iterative edges from k = 119 to 141 ---
--- [Thu Aug  1 03:36:54 2019] Building graph for k = 141 ---
--- [Thu Aug  1 03:37:05 2019] Assembling contigs from SdBG for k = 141 ---
--- [Thu Aug  1 03:37:19 2019] Merging to output final contigs ---
--- [STAT] 25811 contigs, total 29170108 bp, min 200 bp, max 301602 bp, avg 1130 bp, N50 3241 bp
--- [Thu Aug  1 03:37:20 2019] ALL DONE. Time elapsed: 17059.050915 seconds ---
